<?xml version="1.0" encoding="UTF-8" ?>
<testsuite errors="1" failures="0" hostname="Harithas-MacBook-Pro.local" name="tw.webdrivertest.Homepage" tests="1" time="0.0" timestamp="2012-07-25T09:12:01">
  <properties>
[...]
</properties>
  <testcase classname="tw.webdrivertest.Homepage" name="unknown" time="0.0">
    <error message="Forked Java VM exited abnormally. Please note the time in the report does not reflect the time until the VM exit." type="junit.framework.AssertionFailedError">junit.framework.AssertionFailedError: Forked Java VM exited abnormally. Please note the time in the report does not reflect the time until the VM exit.
</error>
  </testcase>
</testsuite>
